<?xml version="1.0" encoding="utf-8"?><testsuites name="pytest tests"><testsuite name="pytest" errors="0" failures="0" skipped="0" tests="19" time="4.463" timestamp="2026-07-26T18:06:51.975552+00:00" hostname="agent-env-75f8b087-2b17-454a-8845-b89aa6013bf9"><testcase classname="tests.test_emi_overrides.TestEMICalculate" name="test_with_product_overrides" time="1.018" /><testcase classname="tests.test_emi_overrides.TestEMICalculate" name="test_price_only_uses_global" time="0.107" /><testcase classname="tests.test_emi_overrides.TestAdminSanction" name="test_admin_detail_enrichment" time="1.180" /><testcase classname="tests.test_emi_overrides.TestAdminSanction" name="test_admin_detail_404" time="0.044" /><testcase classname="tests.test_emi_overrides.TestEMICalculate" name="test_product_without_overrides_falls_back_to_global" time="0.365" /><testcase classname="tests.test_emi_overrides.TestAdminSanction" name="test_admin_detail_rbac_customer_forbidden" time="0.304" /><testcase classname="tests.test_emi_overrides.TestEMICalculate" name="test_nonexistent_product_returns_404" time="0.096" /><testcase classname="tests.test_emi_overrides.TestAdminSanction" name="test_admin_detail_rbac_inventory_forbidden" time="0.493" /><testcase classname="tests.test_emi_overrides.TestAdminSanction" name="test_sanction_rbac_customer_forbidden" time="0.043" /><testcase classname="tests.test_emi_overrides.TestAdminSanction" name="test_sanction_rbac_inventory_forbidden" time="0.042" /><testcase classname="tests.test_emi_overrides.TestSanctionOverrides" name="test_sanction_with_financial_overrides_recomputes" time="0.710" /><testcase classname="tests.test_emi_overrides.TestEMIApplySnapshot" name="test_snapshot_uses_effective_schema" time="0.862" /><testcase classname="tests.test_emi_overrides.TestEMIApplySnapshot" name="test_snapshot_has_user_fields" time="0.000" /><testcase classname="tests.test_emi_overrides.TestEMIApplySnapshot" name="test_invalid_tenure_rejected_by_overrides" time="0.698" /><testcase classname="tests.test_emi_overrides.TestSanctionOverrides" name="test_sanction_notes_only_leaves_financials_untouched" time="0.692" /><testcase classname="tests.test_emi_overrides.TestProductOverrideCreate" name="test_admin_can_create_with_overrides" time="0.000" /><testcase classname="tests.test_emi_overrides.TestProductOverrideCreate" name="test_customer_cannot_create_product" time="0.327" /><testcase classname="tests.test_emi_overrides.TestSanctionOverrides" name="test_sanction_non_pending_returns_400" time="0.572" /><testcase classname="tests.test_emi_overrides.TestCustomChargeMath" name="test_percent_and_fixed_charges_on_calculate" time="0.043" /></testsuite></testsuites>