<?xml version="1.0" encoding="utf-8"?><testsuites name="pytest tests"><testsuite name="pytest" errors="0" failures="0" skipped="1" tests="32" time="4.803" timestamp="2026-07-26T15:48:09.477737+00:00" hostname="agent-env-75f8b087-2b17-454a-8845-b89aa6013bf9"><testcase classname="tests.backend_test.TestAuth" name="test_register_customer" time="0.590" /><testcase classname="tests.backend_test.TestAdmin" name="test_stats" time="0.589" /><testcase classname="tests.backend_test.TestAdmin" name="test_users" time="0.269" /><testcase classname="tests.backend_test.TestAuth" name="test_register_duplicate" time="0.316" /><testcase classname="tests.backend_test.TestAdmin" name="test_orders" time="0.045" /><testcase classname="tests.backend_test.TestAdmin" name="test_emis_list_and_approve_reject" time="0.322" /><testcase classname="tests.backend_test.TestAuth" name="test_login_admin" time="0.272" /><testcase classname="tests.backend_test.TestAuth" name="test_login_inventory" time="0.318" /><testcase classname="tests.backend_test.TestAuth" name="test_login_customer" time="0.400" /><testcase classname="tests.backend_test.TestAdmin" name="test_rbac_customer_forbidden" time="0.985" /><testcase classname="tests.backend_test.TestAuth" name="test_login_bad_password" time="0.269" /><testcase classname="tests.backend_test.TestAuth" name="test_me" time="0.494" /><testcase classname="tests.backend_test.TestAdmin" name="test_rbac_inventory_forbidden" time="0.625" /><testcase classname="tests.backend_test.TestAuth" name="test_me_no_token" time="0.087" /><testcase classname="tests.backend_test.TestEMI" name="test_config" time="0.049" /><testcase classname="tests.backend_test.TestEMI" name="test_calc" time="0.105" /><testcase classname="tests.backend_test.TestProducts" name="test_list" time="0.045" /><testcase classname="tests.backend_test.TestProducts" name="test_get_by_id" time="0.089" /><testcase classname="tests.backend_test.TestEMI" name="test_calc_below_threshold" time="0.087" /><testcase classname="tests.backend_test.TestProducts" name="test_get_missing" time="0.085" /><testcase classname="tests.backend_test.TestProducts" name="test_categories" time="0.203" /><testcase classname="tests.backend_test.TestProducts" name="test_filter_by_category" time="0.090" /><testcase classname="tests.backend_test.TestEMI" name="test_update_config_admin" time="0.510" /><testcase classname="tests.backend_test.TestInventory" name="test_stats" time="0.088" /><testcase classname="tests.backend_test.TestInventory" name="test_low_stock" time="0.044" /><testcase classname="tests.backend_test.TestInventory" name="test_restock" time="0.291" /><testcase classname="tests.backend_test.TestEMI" name="test_update_config_forbidden_customer" time="0.063" /><testcase classname="tests.backend_test.TestOrdersFlow" name="test_full_order_flow" time="0.489" /><testcase classname="tests.backend_test.TestInventory" name="test_customer_cannot_restock" time="0.175" /><testcase classname="tests.backend_test.TestOrdersFlow" name="test_emi_order_and_pay" time="0.269" /><testcase classname="tests.backend_test.TestOrdersFlow" name="test_emi_invalid_tenure" time="0.090" /><testcase classname="tests.backend_test.TestOrdersFlow" name="test_emi_below_threshold" time="0.045"><skipped type="pytest.skip" message="no cheap product available">/app/backend/tests/backend_test.py:266: no cheap product available</skipped></testcase></testsuite></testsuites>