<?xml version="1.0" encoding="utf-8"?><testsuites name="pytest tests"><testsuite name="pytest" errors="0" failures="0" skipped="0" tests="42" time="5.724" timestamp="2026-07-26T17:33:54.067005+00:00" hostname="agent-env-75f8b087-2b17-454a-8845-b89aa6013bf9"><testcase classname="tests.backend_test.TestAuth" name="test_login_admin_returns_credit_fields" time="0.390" /><testcase classname="tests.backend_test.TestAuth" name="test_login_customer" time="0.445" /><testcase classname="tests.backend_test.TestEMILifecycle" name="test_00_emi_apply_before_kyc_fails" time="1.106" /><testcase classname="tests.backend_test.TestAuth" name="test_login_inventory" time="0.268" /><testcase classname="tests.backend_test.TestAuth" name="test_login_bad" time="0.273" /><testcase classname="tests.backend_test.TestEMILifecycle" name="test_01_kyc_submit" time="0.276" /><testcase classname="tests.backend_test.TestAuth" name="test_register_new_customer_defaults" time="0.311" /><testcase classname="tests.backend_test.TestEMILifecycle" name="test_02_kyc_me" time="0.264" /><testcase classname="tests.backend_test.TestEMILifecycle" name="test_03_add_address" time="0.055" /><testcase classname="tests.backend_test.TestAuth" name="test_me_no_token" time="0.052" /><testcase classname="tests.backend_test.TestEMILifecycle" name="test_04_list_addresses" time="0.055" /><testcase classname="tests.backend_test.TestProducts" name="test_list" time="0.048" /><testcase classname="tests.backend_test.TestEMILifecycle" name="test_05_apply_emi" time="0.102" /><testcase classname="tests.backend_test.TestProducts" name="test_get_by_id" time="0.102" /><testcase classname="tests.backend_test.TestEMILifecycle" name="test_06_apply_invalid_tenure" time="0.103" /><testcase classname="tests.backend_test.TestProducts" name="test_missing" time="0.047" /><testcase classname="tests.backend_test.TestProducts" name="test_categories" time="0.088" /><testcase classname="tests.backend_test.TestProducts" name="test_filter_category" time="0.203" /><testcase classname="tests.backend_test.TestEMILifecycle" name="test_07_admin_lists_pending" time="0.540" /><testcase classname="tests.backend_test.TestProducts" name="test_customer_cannot_create" time="0.318" /><testcase classname="tests.backend_test.TestEMILifecycle" name="test_08_admin_sanction" time="0.099" /><testcase classname="tests.backend_test.TestEMIConfig" name="test_get_config" time="0.053" /><testcase classname="tests.backend_test.TestEMILifecycle" name="test_09_pay_downpayment_activates" time="0.361" /><testcase classname="tests.backend_test.TestEMIConfig" name="test_calc" time="0.047" /><testcase classname="tests.backend_test.TestEMIConfig" name="test_calc_below_threshold" time="0.046" /><testcase classname="tests.backend_test.TestEMIConfig" name="test_update_config_admin" time="0.454" /><testcase classname="tests.backend_test.TestEMILifecycle" name="test_10_pay_installments_complete" time="0.637" /><testcase classname="tests.backend_test.TestEMIConfig" name="test_update_config_customer_forbidden" time="0.045" /><testcase classname="tests.backend_test.TestAdminStats" name="test_stats" time="0.050" /><testcase classname="tests.backend_test.TestAdminStats" name="test_users_no_password" time="0.046" /><testcase classname="tests.backend_test.TestAdminStats" name="test_admin_emi_filter" time="0.052" /><testcase classname="tests.backend_test.TestAdminStats" name="test_rbac_customer_forbidden" time="0.232" /><testcase classname="tests.backend_test.TestEMILifecycle" name="test_11_double_pay_fails" time="0.248" /><testcase classname="tests.backend_test.TestAdminStats" name="test_rbac_inventory_forbidden" time="0.681" /><testcase classname="tests.backend_test.TestInventory" name="test_stats" time="0.361" /><testcase classname="tests.backend_test.TestInventory" name="test_low_stock" time="0.099" /><testcase classname="tests.backend_test.TestReviews" name="test_review_flow" time="0.422" /><testcase classname="tests.backend_test.TestInventory" name="test_customer_cannot_restock" time="0.364" /><testcase classname="tests.backend_test.TestCredit" name="test_profile" time="0.052" /><testcase classname="tests.backend_test.TestReviews" name="test_bad_rating" time="0.129" /><testcase classname="tests.backend_test.TestDirectOrder" name="test_order_with_address_text" time="0.354" /><testcase classname="tests.backend_test.TestEMIReject" name="test_reject_flow" time="0.570" /></testsuite></testsuites>